<?xml version="1.0" encoding="UTF-8"?>
<!-- Generated by org.testng.reporters.JUnitXMLReporter -->
<testsuite ignored="0" hostname="Amit" failures="0" tests="8" name="Default test" time="13.004" errors="0" timestamp="2024-02-14T12:30:17 IST">
  <testcase classname="testCases.ProductAddtoCartTestCases" name="verfiyProductPlaceholderofSerachbox" time="0.04"/>
  <testcase classname="testCases.ProductAddtoCartTestCases" name="verifysearchtheiphone" time="1.601"/>
  <testcase classname="testCases.ProductAddtoCartTestCases" name="verifythepriceofiphone" time="0.035"/>
  <testcase classname="testCases.ProductAddtoCartTestCases" name="verifyiphoneaddtocart" time="1.022"/>
  <testcase classname="testCases.ProductAddtoCartTestCases" name="verifysearchtheSamsung" time="1.966"/>
  <testcase classname="testCases.ProductAddtoCartTestCases" name="verifythepriceofSamsungTab" time="0.024"/>
  <testcase classname="testCases.ProductAddtoCartTestCases" name="verifySamsungTabaddtocart" time="1.013"/>
  <testcase classname="testCases.ProductAddtoCartTestCases" name="verifyTotalPriceinCart" time="0.049"/>
</testsuite> <!-- Default test -->
