<?xml version="1.0" encoding="UTF-8"?>
<!-- Generated by org.testng.reporters.JUnitXMLReporter -->
<testsuite ignored="0" hostname="Amit" failures="0" tests="7" name="Test" time="24.676" errors="0" timestamp="2024-01-23T14:48:16 IST">
  <testcase classname="testCases.RegisterTestCases" name="VerifyRegistrationWithBlankData" time="2.291"/>
  <testcase classname="testCases.RegisterTestCases" name="VerifyRegistrationWithExistingData" time="0.847"/>
  <testcase classname="testCases.RegisterTestCases" name="VerifyRegistrationWithInvalidData" time="0.54"/>
  <testcase classname="testCases.RegisterTestCases" name="VerifyRegistrationWithValidData" time="1.668"/>
  <testcase classname="testCases.LoginTestCases" name="LoginWith_NonRegisteredData" time="5.335"/>
  <testcase classname="testCases.LoginTestCases" name="VerifyLoginwithInvalidData" time="0.726"/>
  <testcase classname="testCases.LoginTestCases" name="LoginWithValidData" time="1.121"/>
</testsuite> <!-- Test -->
