<?xml version="1.0" encoding="UTF-8"?>
<!-- Generated by org.testng.reporters.JUnitXMLReporter -->
<testsuite ignored="8" hostname="Amit" failures="0" tests="19" name="Test" time="87.676" errors="0" timestamp="2024-02-14T12:32:52 IST">
  <testcase classname="testCases.CurrencyMenuTestCases" name="verifyEuroOptionCurrencyDropDownMenu" time="0.086"/>
  <testcase classname="testCases.CurrencyMenuTestCases" name="verifyPoundSterlingOptionCurrencyDropDownMenu" time="0.02"/>
  <testcase classname="testCases.CurrencyMenuTestCases" name="verifyUSDollerOptionCurrencyDropDownMenu" time="0.019"/>
  <testcase classname="testCases.HomePageLinksTestCases" name="VerifyAlltheLinksonHomePage" time="33.498"/>
  <testcase classname="testCases.RegisterTestCases" name="VerifyRegistrationWithBlankData" time="2.209"/>
  <testcase classname="testCases.RegisterTestCases" name="VerifyRegistrationWithExistingData" time="1.713"/>
  <testcase classname="testCases.RegisterTestCases" name="VerifyRegistrationWithInvalidData" time="0.561"/>
  <testcase classname="testCases.RegisterTestCases" name="VerifyRegistrationWithValidData" time="2.463"/>
  <testcase classname="testCases.LoginTestCases" name="LoginWith_NonRegisteredData" time="5.562"/>
  <testcase classname="testCases.LoginTestCases" name="VerifyLoginwithInvalidData" time="0.834"/>
  <testcase classname="testCases.LoginTestCases" name="LoginWithValidData" time="1.425"/>
  <testcase classname="testCases.ProductAddtoCartTestCases" name="verfiyProductPlaceholderofSerachbox" time="0.025"/>
  <testcase classname="testCases.ProductAddtoCartTestCases" name="verifysearchtheiphone" time="1.229"/>
  <testcase classname="testCases.ProductAddtoCartTestCases" name="verifythepriceofiphone" time="0.04"/>
  <testcase classname="testCases.ProductAddtoCartTestCases" name="verifyiphoneaddtocart" time="1.021"/>
  <testcase classname="testCases.ProductAddtoCartTestCases" name="verifysearchtheSamsung" time="1.348"/>
  <testcase classname="testCases.ProductAddtoCartTestCases" name="verifythepriceofSamsungTab" time="0.067"/>
  <testcase classname="testCases.ProductAddtoCartTestCases" name="verifySamsungTabaddtocart" time="1.056"/>
  <testcase classname="testCases.ProductAddtoCartTestCases" name="verifyTotalPriceinCart" time="0.039"/>
  <testcase classname="com.Resources.BaseClass" name="@AfterSuite endReport" time="0.0">
    <ignored/>
  </testcase> <!-- @AfterSuite endReport -->
  <testcase classname="com.Resources.BaseClass" name="@AfterSuite endReport" time="0.0">
    <ignored/>
  </testcase> <!-- @AfterSuite endReport -->
  <testcase classname="com.Resources.BaseClass" name="@AfterSuite endReport" time="0.0">
    <ignored/>
  </testcase> <!-- @AfterSuite endReport -->
  <testcase classname="com.Resources.BaseClass" name="@AfterSuite endReport" time="0.0">
    <ignored/>
  </testcase> <!-- @AfterSuite endReport -->
  <testcase classname="com.Resources.BaseClass" name="@BeforeSuite ExtentReport" time="0.0">
    <ignored/>
  </testcase> <!-- @BeforeSuite ExtentReport -->
  <testcase classname="com.Resources.BaseClass" name="@BeforeSuite ExtentReport" time="0.0">
    <ignored/>
  </testcase> <!-- @BeforeSuite ExtentReport -->
  <testcase classname="com.Resources.BaseClass" name="@BeforeSuite ExtentReport" time="0.0">
    <ignored/>
  </testcase> <!-- @BeforeSuite ExtentReport -->
  <testcase classname="com.Resources.BaseClass" name="@BeforeSuite ExtentReport" time="0.0">
    <ignored/>
  </testcase> <!-- @BeforeSuite ExtentReport -->
</testsuite> <!-- Test -->
