<?xml version="1.0" encoding="UTF-8"?>
<testng-results ignored="8" total="27" passed="19" failed="0" skipped="0">
  <reporter-output>
  </reporter-output>
  <suite started-at="2024-02-14T12:47:04 IST" name="Suite" finished-at="2024-02-14T12:48:48 IST" duration-ms="103882">
    <groups>
    </groups>
    <test started-at="2024-02-14T12:47:04 IST" name="Test" finished-at="2024-02-14T12:48:48 IST" duration-ms="103882">
      <class name="testCases.CurrencyMenuTestCases">
        <test-method is-config="true" signature="ExtentReport()[pri:0, instance:testCases.CurrencyMenuTestCases@223d2c72]" started-at="2024-02-14T12:47:04 IST" name="ExtentReport" finished-at="2024-02-14T12:47:04 IST" duration-ms="160" status="PASS">
          <reporter-output>
          </reporter-output>
        </test-method> <!-- ExtentReport -->
        <test-method is-config="true" signature="launchBrowser()[pri:0, instance:testCases.CurrencyMenuTestCases@223d2c72]" started-at="2024-02-14T12:47:04 IST" name="launchBrowser" finished-at="2024-02-14T12:47:12 IST" duration-ms="8262" status="PASS">
          <reporter-output>
          </reporter-output>
        </test-method> <!-- launchBrowser -->
        <test-method signature="VerifyEuroOptionCurrencyDropDownMenu()[pri:0, instance:testCases.CurrencyMenuTestCases@223d2c72]" started-at="2024-02-14T12:47:12 IST" name="VerifyEuroOptionCurrencyDropDownMenu" finished-at="2024-02-14T12:47:12 IST" duration-ms="76" status="PASS">
          <reporter-output>
          </reporter-output>
        </test-method> <!-- VerifyEuroOptionCurrencyDropDownMenu -->
        <test-method signature="VerifyPoundSterlingOptionCurrencyDropDownMenu()[pri:0, instance:testCases.CurrencyMenuTestCases@223d2c72]" started-at="2024-02-14T12:47:12 IST" name="VerifyPoundSterlingOptionCurrencyDropDownMenu" finished-at="2024-02-14T12:47:12 IST" duration-ms="22" status="PASS">
          <reporter-output>
          </reporter-output>
        </test-method> <!-- VerifyPoundSterlingOptionCurrencyDropDownMenu -->
        <test-method signature="VerifyUSDollerOptionCurrencyDropDownMenu()[pri:0, instance:testCases.CurrencyMenuTestCases@223d2c72]" started-at="2024-02-14T12:47:12 IST" name="VerifyUSDollerOptionCurrencyDropDownMenu" finished-at="2024-02-14T12:47:12 IST" duration-ms="22" status="PASS">
          <reporter-output>
          </reporter-output>
        </test-method> <!-- VerifyUSDollerOptionCurrencyDropDownMenu -->
        <test-method is-config="true" signature="endReport()[pri:0, instance:testCases.CurrencyMenuTestCases@223d2c72]" started-at="2024-02-14T12:48:48 IST" name="endReport" finished-at="2024-02-14T12:48:48 IST" duration-ms="193" status="PASS">
          <reporter-output>
          </reporter-output>
        </test-method> <!-- endReport -->
      </class> <!-- testCases.CurrencyMenuTestCases -->
      <class name="testCases.ProductAddtoCartTestCases">
        <test-method is-config="true" signature="launchBrowser()[pri:0, instance:testCases.ProductAddtoCartTestCases@1623b78d]" started-at="2024-02-14T12:48:36 IST" name="launchBrowser" finished-at="2024-02-14T12:48:43 IST" duration-ms="6523" status="PASS">
          <reporter-output>
          </reporter-output>
        </test-method> <!-- launchBrowser -->
        <test-method signature="VerfiyProductPlaceholderofSerachbox()[pri:0, instance:testCases.ProductAddtoCartTestCases@1623b78d]" started-at="2024-02-14T12:48:43 IST" name="VerfiyProductPlaceholderofSerachbox" finished-at="2024-02-14T12:48:43 IST" duration-ms="38" status="PASS">
          <reporter-output>
          </reporter-output>
        </test-method> <!-- VerfiyProductPlaceholderofSerachbox -->
        <test-method signature="Verifysearchtheiphone()[pri:1, instance:testCases.ProductAddtoCartTestCases@1623b78d]" started-at="2024-02-14T12:48:43 IST" name="Verifysearchtheiphone" finished-at="2024-02-14T12:48:44 IST" duration-ms="1419" status="PASS">
          <reporter-output>
          </reporter-output>
        </test-method> <!-- Verifysearchtheiphone -->
        <test-method signature="Verifythepriceofiphone()[pri:2, instance:testCases.ProductAddtoCartTestCases@1623b78d]" started-at="2024-02-14T12:48:44 IST" name="Verifythepriceofiphone" finished-at="2024-02-14T12:48:44 IST" duration-ms="30" status="PASS">
          <reporter-output>
          </reporter-output>
        </test-method> <!-- Verifythepriceofiphone -->
        <test-method signature="Verifyiphoneaddtocart()[pri:3, instance:testCases.ProductAddtoCartTestCases@1623b78d]" started-at="2024-02-14T12:48:44 IST" name="Verifyiphoneaddtocart" finished-at="2024-02-14T12:48:45 IST" duration-ms="1047" status="PASS">
          <reporter-output>
          </reporter-output>
        </test-method> <!-- Verifyiphoneaddtocart -->
        <test-method signature="VerifysearchtheSamsung()[pri:4, instance:testCases.ProductAddtoCartTestCases@1623b78d]" started-at="2024-02-14T12:48:45 IST" name="VerifysearchtheSamsung" finished-at="2024-02-14T12:48:47 IST" duration-ms="1242" status="PASS">
          <reporter-output>
          </reporter-output>
        </test-method> <!-- VerifysearchtheSamsung -->
        <test-method signature="VerifythepriceofSamsungTab()[pri:5, instance:testCases.ProductAddtoCartTestCases@1623b78d]" started-at="2024-02-14T12:48:47 IST" name="VerifythepriceofSamsungTab" finished-at="2024-02-14T12:48:47 IST" duration-ms="27" status="PASS">
          <reporter-output>
          </reporter-output>
        </test-method> <!-- VerifythepriceofSamsungTab -->
        <test-method signature="VerifySamsungTabaddtocart()[pri:6, instance:testCases.ProductAddtoCartTestCases@1623b78d]" started-at="2024-02-14T12:48:47 IST" name="VerifySamsungTabaddtocart" finished-at="2024-02-14T12:48:48 IST" duration-ms="978" status="PASS">
          <reporter-output>
          </reporter-output>
        </test-method> <!-- VerifySamsungTabaddtocart -->
        <test-method signature="VerifyTotalPriceinCart()[pri:7, instance:testCases.ProductAddtoCartTestCases@1623b78d]" started-at="2024-02-14T12:48:48 IST" name="VerifyTotalPriceinCart" finished-at="2024-02-14T12:48:48 IST" duration-ms="45" status="PASS">
          <reporter-output>
          </reporter-output>
        </test-method> <!-- VerifyTotalPriceinCart -->
      </class> <!-- testCases.ProductAddtoCartTestCases -->
      <class name="testCases.LoginTestCases">
        <test-method is-config="true" signature="launchBrowser()[pri:0, instance:testCases.LoginTestCases@5c33f1a9]" started-at="2024-02-14T12:48:18 IST" name="launchBrowser" finished-at="2024-02-14T12:48:25 IST" duration-ms="6933" status="PASS">
          <reporter-output>
          </reporter-output>
        </test-method> <!-- launchBrowser -->
        <test-method signature="VerifyLoginWith_NonRegisteredData()[pri:0, instance:testCases.LoginTestCases@5c33f1a9]" started-at="2024-02-14T12:48:25 IST" name="VerifyLoginWith_NonRegisteredData" finished-at="2024-02-14T12:48:30 IST" duration-ms="5448" status="PASS">
          <reporter-output>
          </reporter-output>
        </test-method> <!-- VerifyLoginWith_NonRegisteredData -->
        <test-method signature="VerifyLoginwithInvalidData()[pri:1, instance:testCases.LoginTestCases@5c33f1a9]" started-at="2024-02-14T12:48:30 IST" name="VerifyLoginwithInvalidData" finished-at="2024-02-14T12:48:35 IST" duration-ms="4901" status="PASS">
          <reporter-output>
          </reporter-output>
        </test-method> <!-- VerifyLoginwithInvalidData -->
        <test-method signature="VerifyLoginWithValidData()[pri:2, instance:testCases.LoginTestCases@5c33f1a9]" started-at="2024-02-14T12:48:35 IST" name="VerifyLoginWithValidData" finished-at="2024-02-14T12:48:36 IST" duration-ms="1342" status="PASS">
          <reporter-output>
          </reporter-output>
        </test-method> <!-- VerifyLoginWithValidData -->
      </class> <!-- testCases.LoginTestCases -->
      <class name="testCases.RegisterTestCases">
        <test-method is-config="true" signature="launchBrowser()[pri:0, instance:testCases.RegisterTestCases@7f0eb4b4]" started-at="2024-02-14T12:47:52 IST" name="launchBrowser" finished-at="2024-02-14T12:48:00 IST" duration-ms="8046" status="PASS">
          <reporter-output>
          </reporter-output>
        </test-method> <!-- launchBrowser -->
        <test-method signature="VerifyRegistrationWithBlankData()[pri:0, instance:testCases.RegisterTestCases@7f0eb4b4]" started-at="2024-02-14T12:48:00 IST" name="VerifyRegistrationWithBlankData" finished-at="2024-02-14T12:48:02 IST" duration-ms="2402" status="PASS">
          <reporter-output>
          </reporter-output>
        </test-method> <!-- VerifyRegistrationWithBlankData -->
        <test-method signature="VerifyRegistrationWithExistingData()[pri:0, instance:testCases.RegisterTestCases@7f0eb4b4]" started-at="2024-02-14T12:48:02 IST" name="VerifyRegistrationWithExistingData" finished-at="2024-02-14T12:48:03 IST" duration-ms="1028" status="PASS">
          <reporter-output>
          </reporter-output>
        </test-method> <!-- VerifyRegistrationWithExistingData -->
        <test-method signature="VerifyRegistrationWithInvalidData()[pri:0, instance:testCases.RegisterTestCases@7f0eb4b4]" started-at="2024-02-14T12:48:03 IST" name="VerifyRegistrationWithInvalidData" finished-at="2024-02-14T12:48:04 IST" duration-ms="574" status="PASS">
          <reporter-output>
          </reporter-output>
        </test-method> <!-- VerifyRegistrationWithInvalidData -->
        <test-method signature="VerifyRegistrationWithValidData()[pri:0, instance:testCases.RegisterTestCases@7f0eb4b4]" started-at="2024-02-14T12:48:04 IST" name="VerifyRegistrationWithValidData" finished-at="2024-02-14T12:48:18 IST" duration-ms="13916" status="PASS">
          <reporter-output>
          </reporter-output>
        </test-method> <!-- VerifyRegistrationWithValidData -->
      </class> <!-- testCases.RegisterTestCases -->
      <class name="testCases.HomePageLinksTestCases">
        <test-method is-config="true" signature="launchBrowser()[pri:0, instance:testCases.HomePageLinksTestCases@7f3b84b8]" started-at="2024-02-14T12:47:12 IST" name="launchBrowser" finished-at="2024-02-14T12:47:20 IST" duration-ms="7301" status="PASS">
          <reporter-output>
          </reporter-output>
        </test-method> <!-- launchBrowser -->
        <test-method signature="VerifyAlltheLinksonHomePage()[pri:0, instance:testCases.HomePageLinksTestCases@7f3b84b8]" started-at="2024-02-14T12:47:20 IST" name="VerifyAlltheLinksonHomePage" finished-at="2024-02-14T12:47:52 IST" duration-ms="32218" status="PASS">
          <reporter-output>
          </reporter-output>
        </test-method> <!-- VerifyAlltheLinksonHomePage -->
      </class> <!-- testCases.HomePageLinksTestCases -->
    </test> <!-- Test -->
  </suite> <!-- Suite -->
</testng-results>
